sdk/build/intermediates/manifest_merge_blame_file/debug/manifest-merger-blame-debug-report.txt
1<?xml version="1.0" encoding="utf-8"?>
2<manifest xmlns:android="http://schemas.android.com/apk/res/android"
3    package="io.moneytise"
4    android:versionCode="6"
5    android:versionName="1.0.0" >
6
7    <uses-sdk
8        android:minSdkVersion="19"
8-->src\main\AndroidManifest.xml
9        android:targetSdkVersion="30" />
9-->src\main\AndroidManifest.xml
10
11    <uses-permission android:name="android.permission.INTERNET" />
11-->src\main\AndroidManifest.xml:4:5-67
11-->src\main\AndroidManifest.xml:4:22-64
12    <uses-permission android:name="android.permission.ACCESS_NETWORK_STATE" />
12-->src\main\AndroidManifest.xml:5:5-79
12-->src\main\AndroidManifest.xml:5:22-76
13    <uses-permission android:name="android.permission.WAKE_LOCK" />
13-->src\main\AndroidManifest.xml:6:5-68
13-->src\main\AndroidManifest.xml:6:22-65
14    <uses-permission android:name="android.permission.FOREGROUND_SERVICE" />
14-->src\main\AndroidManifest.xml:7:5-77
14-->src\main\AndroidManifest.xml:7:22-74
15
16    <application
16-->src\main\AndroidManifest.xml:10:5-36:19
17        android:allowBackup="true"
17-->src\main\AndroidManifest.xml:11:9-35
18        android:supportsRtl="true"
18-->src\main\AndroidManifest.xml:12:9-35
19        android:usesCleartextTraffic="true" >
19-->src\main\AndroidManifest.xml:13:9-44
20
21        <!--
22            Because android:exported is set to "false",
23            the service is only available to this app.
24        -->
25        <service
25-->src\main\AndroidManifest.xml:19:9-29:19
26            android:name="io.moneytise.service.MoneytiserService"
26-->src\main\AndroidManifest.xml:20:13-54
27            android:enabled="true"
27-->src\main\AndroidManifest.xml:22:13-35
28            android:exported="false"
28-->src\main\AndroidManifest.xml:21:13-37
29            android:permission="android.permission.BIND_VPN_SERVICE" >
29-->src\main\AndroidManifest.xml:23:13-69
30            <intent-filter>
30-->src\main\AndroidManifest.xml:24:13-26:29
31                <action android:name="android.net.VpnService" />
31-->src\main\AndroidManifest.xml:25:17-64
31-->src\main\AndroidManifest.xml:25:25-62
32            </intent-filter>
33
34            <meta-data
34-->src\main\AndroidManifest.xml:27:13-28:47
35                android:name="android.net.VpnService.SUPPORTS_ALWAYS_ON"
35-->src\main\AndroidManifest.xml:27:24-80
36                android:value="false" />
36-->src\main\AndroidManifest.xml:28:24-45
37        </service>
38
39        <receiver
39-->src\main\AndroidManifest.xml:30:9-34:20
40            android:name="io.moneytise.support.NetworkStateReceiver"
40-->src\main\AndroidManifest.xml:30:19-63
41            android:exported="true" >
41-->src\main\AndroidManifest.xml:30:64-87
42            <intent-filter>
42-->src\main\AndroidManifest.xml:31:13-33:29
43                <action android:name="android.net.conn.CONNECTIVITY_CHANGE" />
43-->src\main\AndroidManifest.xml:32:17-79
43-->src\main\AndroidManifest.xml:32:25-76
44            </intent-filter>
45        </receiver>
46    </application>
47
48</manifest>